MONGODB [DEBUG] Logging level is currently :debug which could negatively impact client-side performance. You should set your logging level no lower than :info in production.
MONGODB (0ms) admin['$cmd'].find({:ismaster=>1}).limit(-1)
MONGODB (0ms) dummy_development['system.namespaces'].find({})
MONGODB (1174ms) dummy_development['$cmd'].find({:create=>"contents"}).limit(-1)
MONGODB (0ms) dummy_development['contents'].insert([{"_id"=>BSON::ObjectId('4fd8f4d44841ef3d61000002'), "slug"=>"base", "definition"=>"# foo"}])
MONGODB (0ms) dummy_development['contents'].insert([{"_id"=>BSON::ObjectId('4fd8f5134841ef3d61000003'), "_type"=>"A", "slug"=>"a", "definition"=>"# defn"}])
MONGODB (0ms) dummy_development['contents'].insert([{"_id"=>BSON::ObjectId('4fd8f5484841ef3d61000004'), "_type"=>"B", "slug"=>"b", "definition"=>"# foo"}])
MONGODB (0ms) dummy_development['contents'].find({})
MONGODB (0ms) dummy_development['system.namespaces'].find({})
MONGODB (0ms) dummy_development['contents'].find({})
MONGODB (0ms) dummy_development['system.namespaces'].find({})
MONGODB (0ms) dummy_development['contents'].find({})
MONGODB (0ms) dummy_development['system.namespaces'].find({})
MONGODB (0ms) dummy_development['contents'].insert([{"_id"=>BSON::ObjectId('4fd8fc1e4841ef3d61000011'), "slug"=>"blarg", "definition"=>{"_id"=>BSON::ObjectId('4fd8fc2a4841ef3d61000012'), "definition"=>"# foo"}}])
MONGODB (0ms) dummy_development['system.namespaces'].find({})
MONGODB (0ms) dummy_development['contents'].insert([{"_id"=>BSON::ObjectId('4fd8fdc14841ef3d61000013'), "slug"=>"blarg"}])
MONGODB (0ms) dummy_development['system.namespaces'].find({})
MONGODB (35ms) dummy_development['$cmd'].find({:create=>"content_definitions"}).limit(-1)
MONGODB (0ms) dummy_development['content_definitions'].find({})
MONGODB (0ms) dummy_development['system.namespaces'].find({})
MONGODB (0ms) dummy_development['contents'].insert([{"_id"=>BSON::ObjectId('4fd8fe544841ef3d61000016'), "slug"=>"blarg"}])
MONGODB (0ms) dummy_development['system.namespaces'].find({})
MONGODB (0ms) dummy_development['content_definitions'].find({})
MONGODB (0ms) dummy_development['system.namespaces'].find({})
MONGODB (0ms) dummy_development['contents'].insert([{"_id"=>BSON::ObjectId('4fd8febc4841ef3d61000018'), "slug"=>"blarg"}])
MONGODB (0ms) dummy_development['system.namespaces'].find({})
MONGODB (0ms) dummy_development['content_definitions'].find({})
MONGODB (0ms) dummy_development['content_definitions'].find({})
MONGODB (0ms) dummy_development['system.namespaces'].find({})
MONGODB (0ms) dummy_development['system.namespaces'].find({})
MONGODB (210ms) dummy_development['$cmd'].find({:drop=>"contents"}).limit(-1)
MONGODB (0ms) dummy_development['system.namespaces'].find({})
MONGODB (2ms) dummy_development['$cmd'].find({:drop=>"content_definitions"}).limit(-1)
MONGODB (0ms) dummy_development['system.namespaces'].find({})
MONGODB (1ms) dummy_development['$cmd'].find({:create=>"contents"}).limit(-1)
MONGODB (0ms) dummy_development['contents'].find({})
MONGODB (0ms) dummy_development['contents'].insert([{"_id"=>BSON::ObjectId('4fd8ff524841ef3d6100001b'), "slug"=>"blarg"}])
MONGODB (0ms) dummy_development['system.namespaces'].find({})
MONGODB (2ms) dummy_development['$cmd'].find({:create=>"content_definitions"}).limit(-1)
MONGODB (0ms) dummy_development['content_definitions'].insert([{"_id"=>BSON::ObjectId('4fd8ff5a4841ef3d6100001c'), "definition"=>"# foo", "content_id"=>BSON::ObjectId('4fd8ff524841ef3d6100001b')}])
MONGODB (0ms) dummy_development['contents'].find({})
MONGODB (0ms) dummy_development['content_definitions'].find({})
MONGODB (0ms) dummy_development['system.namespaces'].find({})
MONGODB (0ms) dummy_development['contents'].insert([{"_id"=>BSON::ObjectId('4fd900ae4841ef3d6100001d'), "_type"=>"Bbb", "slug"=>"bbb"}])
MONGODB (0ms) dummy_development['system.namespaces'].find({})
MONGODB (0ms) dummy_development['content_definitions'].insert([{"_id"=>BSON::ObjectId('4fd900ae4841ef3d6100001e'), "definition"=>"field :b, type:String", "content_id"=>BSON::ObjectId('4fd900ae4841ef3d6100001d')}])
MONGODB (0ms) dummy_development['contents'].insert([{"_id"=>BSON::ObjectId('4fd900c64841ef3d6100001f'), "_type"=>"Ccc", "slug"=>"ccc"}])
MONGODB (0ms) dummy_development['content_definitions'].insert([{"_id"=>BSON::ObjectId('4fd900c64841ef3d61000020'), "definition"=>"field :c, type:String", "content_id"=>BSON::ObjectId('4fd900c64841ef3d6100001f')}])
MONGODB (0ms) dummy_development['contents'].find({})
MONGODB (0ms) dummy_development['content_definitions'].find({})
MONGODB [DEBUG] Logging level is currently :debug which could negatively impact client-side performance. You should set your logging level no lower than :info in production.
MONGODB (0ms) admin['$cmd'].find({:ismaster=>1}).limit(-1)
MONGODB (0ms) dummy_development['system.namespaces'].find({})
MONGODB (0ms) dummy_development['content_definitions'].find({})
MONGODB [DEBUG] Logging level is currently :debug which could negatively impact client-side performance. You should set your logging level no lower than :info in production.
MONGODB (0ms) admin['$cmd'].find({:ismaster=>1}).limit(-1)
MONGODB [DEBUG] Logging level is currently :debug which could negatively impact client-side performance. You should set your logging level no lower than :info in production.
MONGODB (0ms) admin['$cmd'].find({:ismaster=>1}).limit(-1)
